2022-03-16 13:45:47,388 [Worker-0: Loading available Gradle versions] INFO  o.e.b.c.i.u.g.PublishedGradleVersions - Gradle version information cache is up-to-date. Trying to read.
2022-03-17 10:44:47,731 [Worker-6: Loading available Gradle versions] INFO  o.e.b.c.i.u.g.PublishedGradleVersions - Gradle version information cache is up-to-date. Trying to read.
2022-03-17 11:18:30,957 [Worker-0: Loading available Gradle versions] INFO  o.e.b.c.i.u.g.PublishedGradleVersions - Gradle version information cache is up-to-date. Trying to read.
2022-03-30 13:24:16,631 [Worker-5: Loading available Gradle versions] INFO  o.e.b.c.i.u.g.PublishedGradleVersions - Gradle version information cache is up-to-date. Trying to read.
2022-04-05 13:25:45,203 [Worker-7: Loading available Gradle versions] INFO  o.e.b.c.i.u.g.PublishedGradleVersions - Gradle version information cache is out-of-date. Trying to update.
2022-04-05 13:37:11,643 [Worker-7: Loading available Gradle versions] INFO  o.e.b.c.i.u.g.PublishedGradleVersions - Gradle version information cache is up-to-date. Trying to read.
2022-04-05 13:43:01,757 [Worker-8: Loading available Gradle versions] INFO  o.e.b.c.i.u.g.PublishedGradleVersions - Gradle version information cache is up-to-date. Trying to read.
2022-04-05 14:17:01,362 [Worker-3: Loading available Gradle versions] INFO  o.e.b.c.i.u.g.PublishedGradleVersions - Gradle version information cache is up-to-date. Trying to read.
2022-04-05 14:18:57,944 [Worker-6: Loading available Gradle versions] INFO  o.e.b.c.i.u.g.PublishedGradleVersions - Gradle version information cache is up-to-date. Trying to read.
2022-04-05 14:20:59,315 [Worker-8: Loading available Gradle versions] INFO  o.e.b.c.i.u.g.PublishedGradleVersions - Gradle version information cache is up-to-date. Trying to read.
2022-04-05 14:24:28,521 [Worker-41: Loading available Gradle versions] INFO  o.e.b.c.i.u.g.PublishedGradleVersions - Gradle version information cache is up-to-date. Trying to read.
2022-04-06 13:23:36,633 [Worker-11: Loading available Gradle versions] INFO  o.e.b.c.i.u.g.PublishedGradleVersions - Gradle version information cache is up-to-date. Trying to read.
2022-04-12 13:22:04,260 [Worker-7: Loading available Gradle versions] INFO  o.e.b.c.i.u.g.PublishedGradleVersions - Gradle version information cache is out-of-date. Trying to update.
2022-04-12 13:35:43,788 [Worker-10: Loading available Gradle versions] INFO  o.e.b.c.i.u.g.PublishedGradleVersions - Gradle version information cache is up-to-date. Trying to read.
2022-04-12 13:37:23,665 [main] INFO  org.eclipse.jetty.server.Server - jetty-10.0.6; built: 2021-06-29T15:28:56.259Z; git: 37e7731b4b142a882d73974ff3bec78d621bd674; jvm 17.0.1+12
2022-04-12 13:37:23,703 [main] INFO  o.e.j.s.s.DefaultSessionIdManager - Session workerName=node0
2022-04-12 13:37:23,742 [main] INFO  o.e.j.server.handler.ContextHandler - Started o.e.j.s.ServletContextHandler@641ce448{/wse,null,AVAILABLE}
2022-04-12 13:37:23,753 [main] INFO  o.e.jetty.server.AbstractConnector - Started ServerConnector@17994ef8{HTTP/1.1, (http/1.1)}{0.0.0.0:54611}
2022-04-12 13:37:23,783 [main] INFO  org.eclipse.jetty.server.Server - Started Server@20d73835{STARTING}[10.0.6,sto=0] @164867ms
2022-04-12 16:33:40,998 [Framework stop - Equinox Container: 91c5e425-7f9d-4723-9138-bbfd8b477474] INFO  org.eclipse.jetty.server.Server - Stopped Server@20d73835{STOPPING}[10.0.6,sto=0]
2022-04-12 16:33:41,014 [Framework stop - Equinox Container: 91c5e425-7f9d-4723-9138-bbfd8b477474] INFO  o.e.jetty.server.AbstractConnector - Stopped ServerConnector@17994ef8{HTTP/1.1, (http/1.1)}{0.0.0.0:0}
2022-04-12 16:33:41,055 [Framework stop - Equinox Container: 91c5e425-7f9d-4723-9138-bbfd8b477474] INFO  o.e.j.server.handler.ContextHandler - Stopped o.e.j.s.ServletContextHandler@641ce448{/wse,null,STOPPED}
2022-04-13 13:25:41,084 [Worker-7: Loading available Gradle versions] INFO  o.e.b.c.i.u.g.PublishedGradleVersions - Gradle version information cache is out-of-date. Trying to update.
2022-04-19 13:25:29,454 [Worker-11: Loading available Gradle versions] INFO  o.e.b.c.i.u.g.PublishedGradleVersions - Gradle version information cache is out-of-date. Trying to update.
2022-04-20 09:02:48,686 [Worker-11: Loading available Gradle versions] INFO  o.e.b.c.i.u.g.PublishedGradleVersions - Gradle version information cache is up-to-date. Trying to read.
